2025-03-17 17:02:21,706 - INFO - Starting IND auto mSeq...
2025-03-17 17:02:21,709 - INFO - Config loaded
2025-03-17 17:02:21,712 - INFO - FileSystemDAO initialized
2025-03-17 17:02:21,714 - INFO - UI Automation initialized
2025-03-17 17:02:21,716 - INFO - Folder processor initialized
2025-03-17 17:02:21,719 - INFO - Running batch file: P:\generate-data-sorting-key-file.bat
2025-03-17 17:02:23,540 - INFO - Batch file completed successfully
2025-03-17 17:02:34,681 - INFO - Using folder: P:/Data/Testing/Win11Test
2025-03-17 17:02:34,681 - INFO - Found 3 BioI folders
2025-03-17 17:02:34,681 - INFO - Found 0 immediate order folders
2025-03-17 17:02:34,697 - INFO - Found 6 PCR folders
2025-03-17 17:02:34,697 - INFO - Processing BioI folder 1/3: BioI-21845
2025-03-17 17:02:34,697 - INFO - Processing BioI folder: BioI-21845
2025-03-17 17:02:34,708 - INFO - Processing BioI folder 2/3: BioI-21847
2025-03-17 17:02:34,708 - INFO - Processing BioI folder: BioI-21847
2025-03-17 17:02:34,751 - INFO - Order moved to Not Ready: BioI-21847_Gurkov_147575
2025-03-17 17:02:34,774 - INFO - Order moved to Not Ready: BioI-21847_Hoskins_147549
2025-03-17 17:02:34,792 - INFO - Order moved to Not Ready: BioI-21847_Hsiao_147554
2025-03-17 17:02:34,798 - INFO - Order moved to Not Ready: BioI-21847_Lira_147561
2025-03-17 17:02:34,814 - INFO - Order moved to Not Ready: BioI-21847_Mehle_147574
2025-03-17 17:02:34,848 - INFO - Order moved to Not Ready: BioI-21847_Meis_147557
2025-03-17 17:02:34,864 - INFO - Order moved to Not Ready: BioI-21847_Nance_147556
2025-03-17 17:02:34,881 - INFO - Order moved to Not Ready: BioI-21847_Schroeder_147566
2025-03-17 17:02:34,888 - INFO - Order moved to Not Ready: BioI-21847_Sherer_147559
2025-03-17 17:02:34,903 - INFO - Processing BioI folder 3/3: BioI-21848
2025-03-17 17:02:34,907 - INFO - Processing BioI folder: BioI-21848
2025-03-17 17:02:34,933 - INFO - Order moved to Not Ready: BioI-21848_Kaufman_147548
2025-03-17 17:02:34,952 - INFO - Order moved to Not Ready: BioI-21848_Neugebauer_147545
2025-03-17 17:02:34,970 - INFO - Order moved to Not Ready: BioI-21848_Vazquez_147567
2025-03-17 17:02:34,973 - INFO - Is IND Not Ready folder: False
2025-03-17 17:02:34,975 - INFO - Processing PCR folder 1/6: FB-PCR2931_147011_4
2025-03-17 17:02:34,975 - INFO - Processing PCR folder: FB-PCR2931_147011_4
2025-03-17 17:02:57,278 - INFO - mSeq completed: FB-PCR2931_147011_4
2025-03-17 17:02:57,278 - INFO - Processing PCR folder 2/6: FB-PCR2939_147259_2
2025-03-17 17:02:57,283 - INFO - Processing PCR folder: FB-PCR2939_147259_2
2025-03-17 17:02:57,289 - INFO - mSeq NOT completed: FB-PCR2939_147259_2
2025-03-17 17:02:57,289 - INFO - Processing PCR folder 3/6: FB-PCR2940_147277_2
2025-03-17 17:02:57,289 - INFO - Processing PCR folder: FB-PCR2940_147277_2
2025-03-17 17:03:18,672 - INFO - mSeq completed: FB-PCR2940_147277_2
2025-03-17 17:03:18,672 - INFO - Processing PCR folder 4/6: FB-PCR2941_147310_2
2025-03-17 17:03:18,672 - INFO - Processing PCR folder: FB-PCR2941_147310_2
2025-03-17 17:03:39,666 - INFO - mSeq completed: FB-PCR2941_147310_2
2025-03-17 17:03:39,666 - INFO - Processing PCR folder 5/6: FB-PCR2942_147338_2
2025-03-17 17:03:39,666 - INFO - Processing PCR folder: FB-PCR2942_147338_2
2025-03-17 17:03:59,982 - INFO - mSeq completed: FB-PCR2942_147338_2
2025-03-17 17:03:59,985 - INFO - Processing PCR folder 6/6: FB-PCR2945_147442
2025-03-17 17:03:59,985 - INFO - Processing PCR folder: FB-PCR2945_147442
2025-03-17 17:04:24,500 - INFO - mSeq completed: FB-PCR2945_147442
2025-03-17 17:04:24,503 - INFO - All processing completed
2025-03-17 17:04:24,505 - INFO - Closing mSeq application
