2025-03-18 09:31:20,457 - INFO - Starting IND auto mSeq...
2025-03-18 09:31:20,458 - INFO - Config loaded
2025-03-18 09:31:20,460 - INFO - FileSystemDAO initialized
2025-03-18 09:31:20,461 - INFO - UI Automation initialized
2025-03-18 09:31:20,463 - INFO - Folder processor initialized
2025-03-18 09:31:20,465 - INFO - Running batch file: P:\generate-data-sorting-key-file.bat
2025-03-18 09:31:22,662 - INFO - Batch file completed successfully
2025-03-18 09:31:27,373 - INFO - Using folder: P:/Data/03.18.25
2025-03-18 09:31:27,377 - INFO - Found 4 BioI folders
2025-03-18 09:31:27,383 - INFO - Found 0 immediate order folders
2025-03-18 09:31:27,388 - INFO - Found 0 PCR folders
2025-03-18 09:31:27,389 - INFO - Processing BioI folder 1/4: BioI-21870
2025-03-18 09:31:27,391 - INFO - Processing BioI folder: BioI-21870
2025-03-18 09:31:27,413 - INFO - Order moved to Not Ready: BioI-21870_Chapman_147614
2025-03-18 09:31:27,422 - INFO - Processing BioI folder 2/4: BioI-21871
2025-03-18 09:31:27,424 - INFO - Processing BioI folder: BioI-21871
2025-03-18 09:31:27,443 - INFO - Order moved to Not Ready: BioI-21871_Huynh_147750
2025-03-18 09:31:27,459 - INFO - Order moved to Not Ready: BioI-21871_Kaufman_147749
2025-03-18 09:31:27,473 - INFO - Order moved to Not Ready: BioI-21871_Kaufman_147755
2025-03-18 09:31:27,487 - INFO - Order moved to Not Ready: BioI-21871_Neumann_147713
2025-03-18 09:31:27,500 - INFO - Order moved to Not Ready: BioI-21871_Rey_147754
2025-03-18 09:31:27,513 - INFO - Order moved to Not Ready: BioI-21871_Sandstrom_147748
2025-03-18 09:31:27,526 - INFO - Order moved to Not Ready: BioI-21871_Sherer_147735
2025-03-18 09:31:27,527 - INFO - Processing BioI folder 3/4: BioI-21872
2025-03-18 09:31:27,529 - INFO - Processing BioI folder: BioI-21872
2025-03-18 09:31:27,560 - INFO - Order moved to Not Ready: BioI-21872_Flood_147745
2025-03-18 09:31:27,575 - INFO - Order moved to Not Ready: BioI-21872_Hoskins_147726
2025-03-18 09:31:27,589 - INFO - Order moved to Not Ready: BioI-21872_Lee_147744
2025-03-18 09:31:27,604 - INFO - Order moved to Not Ready: BioI-21872_Saba_147737
2025-03-18 09:31:27,618 - INFO - Order moved to Not Ready: BioI-21872_Schroeder_147753
2025-03-18 09:31:27,632 - INFO - Order moved to Not Ready: BioI-21872_Stoutland_147734
2025-03-18 09:31:27,646 - INFO - Order moved to Not Ready: BioI-21872_Yang_147736
2025-03-18 09:31:27,648 - INFO - Processing BioI folder 4/4: BioI-21873
2025-03-18 09:31:27,649 - INFO - Processing BioI folder: BioI-21873
2025-03-18 09:31:27,663 - INFO - Order moved to Not Ready: BioI-21873_Hulfacor_147739
2025-03-18 09:31:27,664 - INFO - Is IND Not Ready folder: False
2025-03-18 09:31:27,665 - INFO - All processing completed
2025-03-18 09:31:27,666 - INFO - Closing mSeq application
