2025-03-25 09:55:37,907 - INFO - Starting IND auto mSeq...
2025-03-25 09:55:37,910 - INFO - Config loaded
2025-03-25 09:55:37,911 - INFO - FileSystemDAO initialized
2025-03-25 09:55:37,960 - INFO - UI Automation initialized
2025-03-25 09:55:37,961 - INFO - Folder processor initialized
2025-03-25 09:55:37,961 - INFO - Running batch file: P:\generate-data-sorting-key-file.bat
2025-03-25 09:55:39,320 - INFO - Batch file completed successfully
2025-03-25 09:56:14,113 - INFO - Starting IND auto mSeq...
2025-03-25 09:56:14,117 - INFO - Config loaded
2025-03-25 09:56:14,121 - INFO - FileSystemDAO initialized
2025-03-25 09:56:14,122 - INFO - UI Automation initialized
2025-03-25 09:56:14,123 - INFO - Folder processor initialized
2025-03-25 09:56:14,124 - INFO - Running batch file: P:\generate-data-sorting-key-file.bat
2025-03-25 09:56:14,958 - INFO - Batch file completed successfully
2025-03-25 12:10:17,022 - INFO - Starting IND auto mSeq...
2025-03-25 12:10:17,023 - INFO - Config loaded
2025-03-25 12:10:17,024 - INFO - FileSystemDAO initialized
2025-03-25 12:10:17,068 - INFO - UI Automation initialized
2025-03-25 12:10:17,069 - INFO - Folder processor initialized
2025-03-25 12:10:17,069 - INFO - Running batch file: P:\generate-data-sorting-key-file.bat
2025-03-25 12:10:17,920 - INFO - Batch file completed successfully
2025-03-25 16:30:43,104 - INFO - Starting IND auto mSeq...
2025-03-25 16:30:43,104 - INFO - Config loaded
2025-03-25 16:30:43,105 - INFO - FileSystemDAO initialized
2025-03-25 16:30:43,162 - INFO - UI Automation initialized
2025-03-25 16:30:43,163 - INFO - Folder processor initialized
2025-03-25 16:30:43,164 - INFO - Running batch file: P:\generate-data-sorting-key-file.bat
2025-03-25 16:30:44,032 - INFO - Batch file completed successfully
2025-03-25 16:39:41,452 - INFO - Starting IND auto mSeq...
2025-03-25 16:39:41,453 - INFO - Config loaded
2025-03-25 16:39:41,454 - INFO - FileSystemDAO initialized
2025-03-25 16:39:41,507 - INFO - UI Automation initialized
2025-03-25 16:39:41,508 - INFO - Folder processor initialized
2025-03-25 16:39:41,509 - INFO - Running batch file: P:\generate-data-sorting-key-file.bat
2025-03-25 16:39:42,993 - INFO - Batch file completed successfully
2025-03-25 16:40:01,178 - INFO - Starting IND auto mSeq...
2025-03-25 16:40:01,194 - INFO - Config loaded
2025-03-25 16:40:01,194 - INFO - FileSystemDAO initialized
2025-03-25 16:40:01,194 - INFO - UI Automation initialized
2025-03-25 16:40:01,194 - INFO - Folder processor initialized
2025-03-25 16:40:01,194 - INFO - Running batch file: P:\generate-data-sorting-key-file.bat
2025-03-25 16:40:02,050 - INFO - Batch file completed successfully
2025-03-25 16:41:33,375 - INFO - Closing mSeq application
2025-03-25 16:41:41,837 - INFO - Starting IND auto mSeq...
2025-03-25 16:41:41,838 - INFO - Config loaded
2025-03-25 16:41:41,839 - INFO - FileSystemDAO initialized
2025-03-25 16:41:41,889 - INFO - UI Automation initialized
2025-03-25 16:41:41,890 - INFO - Folder processor initialized
2025-03-25 16:41:41,890 - INFO - Running batch file: P:\generate-data-sorting-key-file.bat
2025-03-25 16:41:43,239 - INFO - Batch file completed successfully
2025-03-25 16:48:22,181 - INFO - Starting IND auto mSeq...
2025-03-25 16:48:22,199 - INFO - Config loaded
2025-03-25 16:48:22,199 - INFO - FileSystemDAO initialized
2025-03-25 16:48:22,199 - INFO - UI Automation initialized
2025-03-25 16:48:22,199 - INFO - Folder processor initialized
2025-03-25 16:48:22,199 - INFO - Running batch file: P:\generate-data-sorting-key-file.bat
2025-03-25 16:48:23,117 - INFO - Batch file completed successfully
2025-03-25 16:51:49,579 - INFO - About to call legacy-style folder dialog
2025-03-25 16:54:31,912 - INFO - Starting IND auto mSeq...
2025-03-25 16:54:31,912 - INFO - Config loaded
2025-03-25 16:54:31,912 - INFO - FileSystemDAO initialized
2025-03-25 16:54:31,912 - INFO - UI Automation initialized
2025-03-25 16:54:31,912 - INFO - Folder processor initialized
2025-03-25 16:54:31,912 - INFO - Running batch file: P:\generate-data-sorting-key-file.bat
2025-03-25 16:54:33,326 - INFO - Batch file completed successfully
2025-03-25 16:58:21,801 - INFO - About to call legacy-style folder dialog
2025-03-25 17:04:28,036 - INFO - Closing mSeq application
2025-03-25 17:04:33,765 - INFO - Starting IND auto mSeq...
2025-03-25 17:04:33,766 - INFO - About to select folder...
2025-03-25 17:05:03,065 - INFO - Starting IND auto mSeq...
2025-03-25 17:05:03,065 - INFO - About to select folder...
2025-03-25 17:06:14,078 - INFO - Starting IND auto mSeq...
2025-03-25 17:06:14,078 - INFO - About to select folder...
2025-03-25 17:22:24,300 - INFO - Starting IND auto mSeq...
2025-03-25 17:22:24,300 - INFO - About to select folder...
2025-03-25 17:22:32,536 - INFO - Using folder: P:/Data/03.25.25/IND Not Ready
2025-03-25 17:22:32,537 - INFO - Initializing components...
2025-03-25 17:22:32,538 - INFO - Config loaded
2025-03-25 17:22:32,606 - INFO - FileSystemDAO initialized
2025-03-25 17:22:33,176 - INFO - UI Automation initialized
2025-03-25 17:22:33,185 - INFO - Folder processor initialized
2025-03-25 17:22:33,186 - INFO - Running batch file: P:\generate-data-sorting-key-file.bat
2025-03-25 17:22:33,991 - INFO - Batch file completed successfully
2025-03-25 17:22:33,993 - INFO - Found 0 BioI folders
2025-03-25 17:22:33,993 - INFO - Found 0 immediate order folders
2025-03-25 17:22:33,994 - INFO - Found 0 PCR folders
2025-03-25 17:22:33,994 - INFO - Is IND Not Ready folder: True
2025-03-25 17:22:33,996 - INFO - All processing completed
2025-03-25 17:22:33,996 - INFO - Closing mSeq application
2025-03-25 17:22:55,839 - INFO - Starting IND auto mSeq...
2025-03-25 17:22:55,839 - INFO - About to select folder...
2025-03-25 17:23:06,691 - ERROR - No folder selected, exiting
2025-03-25 17:25:38,380 - INFO - Starting IND auto mSeq...
2025-03-25 17:25:38,381 - INFO - About to select folder...
2025-03-25 17:25:41,350 - INFO - Using folder: P:/Data/Testing/Win11Test
2025-03-25 17:25:41,351 - INFO - Initializing components...
2025-03-25 17:25:41,351 - INFO - Config loaded
2025-03-25 17:25:41,431 - INFO - FileSystemDAO initialized
2025-03-25 17:25:42,007 - INFO - UI Automation initialized
2025-03-25 17:25:42,015 - INFO - Folder processor initialized
2025-03-25 17:25:42,016 - INFO - Running batch file: P:\generate-data-sorting-key-file.bat
2025-03-25 17:25:42,841 - INFO - Batch file completed successfully
2025-03-25 17:25:42,844 - INFO - Found 5 BioI folders
2025-03-25 17:25:42,846 - INFO - Found 0 immediate order folders
2025-03-25 17:25:42,848 - INFO - Found 0 PCR folders
2025-03-25 17:25:42,849 - INFO - Processing BioI folder 1/5: BioI-21888
2025-03-25 17:25:42,849 - INFO - Processing BioI folder: BioI-21888
2025-03-25 17:25:42,872 - INFO - Order moved to Not Ready: BioI-21888_Morrison_147832
2025-03-25 17:25:42,872 - INFO - Processing BioI folder 2/5: BioI-21893
2025-03-25 17:25:42,873 - INFO - Processing BioI folder: BioI-21893
2025-03-25 17:25:42,885 - INFO - Order moved to Not Ready: BioI-21893_Pulukkunat_147875
2025-03-25 17:25:42,886 - INFO - Processing BioI folder 3/5: BioI-21896
2025-03-25 17:25:42,886 - INFO - Processing BioI folder: BioI-21896
2025-03-25 17:25:42,899 - INFO - Order moved to Not Ready: BioI-21896_Kaufman_147881
2025-03-25 17:27:11,336 - INFO - mSeq completed: BioI-21896_Kaufman_147889
2025-03-25 17:27:39,507 - INFO - Closing mSeq application
2025-03-25 17:31:23,267 - INFO - Starting IND auto mSeq...
2025-03-25 17:31:23,268 - INFO - About to select folder...
2025-03-25 17:31:26,224 - INFO - Using folder: P:/Data/Testing/Win11Test
2025-03-25 17:31:26,225 - INFO - Initializing components...
2025-03-25 17:31:26,225 - INFO - Config loaded with optimized timeouts
2025-03-25 17:31:26,310 - INFO - FileSystemDAO initialized
2025-03-25 17:31:26,893 - INFO - UI Automation initialized
2025-03-25 17:31:26,901 - INFO - Folder processor initialized
2025-03-25 17:31:26,902 - INFO - Running batch file: P:\generate-data-sorting-key-file.bat
2025-03-25 17:31:27,825 - INFO - Batch file completed successfully
2025-03-25 17:31:27,830 - INFO - Found 5 BioI folders
2025-03-25 17:31:27,833 - INFO - Found 0 immediate order folders
2025-03-25 17:31:27,836 - INFO - Found 0 PCR folders
2025-03-25 17:31:27,836 - INFO - Processing BioI folder 1/5: BioI-21888
2025-03-25 17:31:27,837 - INFO - Processing BioI folder: BioI-21888
2025-03-25 17:31:27,839 - INFO - Processing BioI folder 2/5: BioI-21893
2025-03-25 17:31:27,839 - INFO - Processing BioI folder: BioI-21893
2025-03-25 17:31:27,841 - INFO - Processing BioI folder 3/5: BioI-21896
2025-03-25 17:31:27,842 - INFO - Processing BioI folder: BioI-21896
2025-03-25 17:31:27,879 - INFO - Order moved to Not Ready: BioI-21896_Kaufman_147906
2025-03-25 17:32:18,476 - INFO - mSeq completed: BioI-21896_Kaufman_147910
2025-03-25 17:32:18,494 - INFO - Order moved to Not Ready: BioI-21896_Rey_147894
2025-03-25 17:32:40,298 - INFO - mSeq completed: BioI-21896_Slinger_147892
2025-03-25 17:32:40,298 - INFO - Processing BioI folder 4/5: BioI-21897
2025-03-25 17:32:40,299 - INFO - Processing BioI folder: BioI-21897
2025-03-25 17:32:42,968 - INFO - Closing mSeq application
2025-03-25 17:34:55,542 - INFO - Starting IND auto mSeq...
2025-03-25 17:34:55,542 - INFO - About to select folder...
2025-03-25 17:34:57,957 - INFO - Using folder: P:/Data/Testing/Win11Test
2025-03-25 17:34:57,959 - INFO - Initializing components...
2025-03-25 17:34:57,960 - INFO - Config loaded with optimized timeouts
2025-03-25 17:34:58,026 - INFO - FileSystemDAO initialized
2025-03-25 17:34:58,607 - INFO - UI Automation initialized
2025-03-25 17:34:58,615 - INFO - Folder processor initialized
2025-03-25 17:34:58,617 - INFO - Running batch file: P:\generate-data-sorting-key-file.bat
2025-03-25 17:34:59,511 - INFO - Batch file completed successfully
2025-03-25 17:34:59,516 - INFO - Found 5 BioI folders
2025-03-25 17:34:59,518 - INFO - Found 0 immediate order folders
2025-03-25 17:34:59,521 - INFO - Found 0 PCR folders
2025-03-25 17:34:59,522 - INFO - Processing BioI folder 1/5: BioI-21888
2025-03-25 17:34:59,522 - INFO - Processing BioI folder: BioI-21888
2025-03-25 17:34:59,524 - INFO - Processing BioI folder 2/5: BioI-21893
2025-03-25 17:34:59,525 - INFO - Processing BioI folder: BioI-21893
2025-03-25 17:34:59,526 - INFO - Processing BioI folder 3/5: BioI-21896
2025-03-25 17:34:59,528 - INFO - Processing BioI folder: BioI-21896
2025-03-25 17:34:59,550 - INFO - Processing BioI folder 4/5: BioI-21897
2025-03-25 17:34:59,551 - INFO - Processing BioI folder: BioI-21897
2025-03-25 17:35:19,764 - INFO - mSeq completed: BioI-21897_Behera_147913
2025-03-25 17:36:08,971 - INFO - mSeq completed: BioI-21897_Flood_147907
2025-03-25 17:36:31,964 - INFO - Closing mSeq application
2025-03-25 17:43:24,974 - INFO - Starting IND auto mSeq...
2025-03-25 17:43:24,975 - INFO - About to select folder...
2025-03-25 17:43:28,351 - INFO - Using folder: P:/Data/Testing/Win11Test
2025-03-25 17:43:28,353 - INFO - Initializing components...
2025-03-25 17:43:28,354 - INFO - Config loaded with optimized timeouts
2025-03-25 17:43:28,425 - INFO - FileSystemDAO initialized
2025-03-25 17:43:28,986 - INFO - UI Automation initialized with optimized functions
2025-03-25 17:43:28,995 - INFO - Folder processor initialized
2025-03-25 17:43:28,996 - INFO - Running batch file: P:\generate-data-sorting-key-file.bat
2025-03-25 17:43:29,861 - INFO - Batch file completed successfully
2025-03-25 17:43:29,866 - INFO - Found 5 BioI folders
2025-03-25 17:43:29,869 - INFO - Found 0 immediate order folders
2025-03-25 17:43:29,871 - INFO - Found 0 PCR folders
2025-03-25 17:43:29,872 - INFO - Processing BioI folder 1/5: BioI-21888
2025-03-25 17:43:29,872 - INFO - Processing BioI folder: BioI-21888
2025-03-25 17:43:29,874 - INFO - Processing BioI folder 2/5: BioI-21893
2025-03-25 17:43:29,875 - INFO - Processing BioI folder: BioI-21893
2025-03-25 17:43:29,877 - INFO - Processing BioI folder 3/5: BioI-21896
2025-03-25 17:43:29,877 - INFO - Processing BioI folder: BioI-21896
2025-03-25 17:43:29,902 - INFO - Processing BioI folder 4/5: BioI-21897
2025-03-25 17:43:29,902 - INFO - Processing BioI folder: BioI-21897
2025-03-25 17:43:29,943 - INFO - Order moved to Not Ready: BioI-21897_Gregory_147905
2025-03-25 17:43:29,956 - INFO - Order moved to Not Ready: BioI-21897_Kang_147912
2025-03-25 17:43:29,974 - INFO - Order moved to Not Ready: BioI-21897_Neugebauer_147908
2025-03-25 17:43:42,986 - INFO - mSeq completed: BioI-21897_Wang_147882
2025-03-25 17:43:55,608 - INFO - mSeq completed: BioI-21897_Yang_147901
2025-03-25 17:43:55,609 - INFO - Processing BioI folder 5/5: BioI-21898
2025-03-25 17:43:55,609 - INFO - Processing BioI folder: BioI-21898
2025-03-25 17:44:08,154 - INFO - mSeq completed: BioI-21898_Jalbut_147915
2025-03-25 17:44:19,371 - INFO - mSeq completed: BioI-21898_Rey_147911
2025-03-25 17:44:30,680 - INFO - mSeq completed: BioI-21898_Weeks_147887
2025-03-25 17:44:30,680 - INFO - Is IND Not Ready folder: False
2025-03-25 17:44:30,681 - INFO - All processing completed
2025-03-25 17:44:30,682 - INFO - Closing mSeq application
2025-03-25 17:51:33,736 - INFO - Starting IND auto mSeq...
2025-03-25 17:51:33,737 - INFO - About to select folder...
2025-03-25 17:51:36,602 - INFO - Using folder: P:/Data/Testing/Win11Test
2025-03-25 17:51:36,603 - INFO - Initializing components...
2025-03-25 17:51:36,604 - INFO - Config loaded with optimized timeouts
2025-03-25 17:51:36,672 - INFO - FileSystemDAO initialized
2025-03-25 17:51:37,249 - INFO - UI Automation initialized with optimized functions
2025-03-25 17:51:37,257 - INFO - Folder processor initialized
2025-03-25 17:51:37,258 - INFO - Running batch file: P:\generate-data-sorting-key-file.bat
2025-03-25 17:51:38,101 - INFO - Batch file completed successfully
2025-03-25 17:51:38,107 - INFO - Found 5 BioI folders
2025-03-25 17:51:38,109 - INFO - Found 0 immediate order folders
2025-03-25 17:51:38,112 - INFO - Found 0 PCR folders
2025-03-25 17:51:38,112 - INFO - Processing BioI folder 1/5: BioI-21888
2025-03-25 17:51:38,113 - INFO - Processing BioI folder: BioI-21888
2025-03-25 17:51:38,114 - INFO - Processing BioI folder 2/5: BioI-21893
2025-03-25 17:51:38,115 - INFO - Processing BioI folder: BioI-21893
2025-03-25 17:51:38,117 - INFO - Processing BioI folder 3/5: BioI-21896
2025-03-25 17:51:38,118 - INFO - Processing BioI folder: BioI-21896
2025-03-25 17:51:51,166 - INFO - mSeq completed: BioI-21896_Kaufman_147889
2025-03-25 17:51:51,182 - INFO - Processing BioI folder 4/5: BioI-21897
2025-03-25 17:51:51,182 - INFO - Processing BioI folder: BioI-21897
2025-03-25 17:51:51,216 - INFO - Processing BioI folder 5/5: BioI-21898
2025-03-25 17:51:51,217 - INFO - Processing BioI folder: BioI-21898
2025-03-25 17:51:51,240 - INFO - Is IND Not Ready folder: False
2025-03-25 17:51:51,240 - INFO - All processing completed
2025-03-25 17:51:51,241 - INFO - Closing mSeq application
